[8.305s] DEBUG:colcon:Command line arguments: ['/home/yz/.local/bin/colcon', 'list', '-n']
[8.305s] DEBUG:colcon:Parsed command line arguments: Namespace(base_paths=['.'], build_base='build', ignore_user_meta=False, log_base=None, log_level=None, main=<bound method ListVerb.main of <colcon_package_information.verb.list.ListVerb object at 0x7f0968974b00>>, metas=['./colcon.meta'], names_only=True, packages_above=None, packages_above_and_dependencies=None, packages_above_depth=None, packages_end=None, packages_ignore=None, packages_ignore_regex=None, packages_select=None, packages_select_build_failed=False, packages_select_by_dep=None, packages_select_regex=None, packages_select_test_failures=False, packages_skip=None, packages_skip_build_finished=False, packages_skip_by_dep=None, packages_skip_regex=None, packages_skip_test_passed=False, packages_skip_up_to=None, packages_start=None, packages_up_to=None, packages_up_to_regex=None, paths=None, paths_only=False, topological_graph=False, topological_graph_density=False, topological_graph_dot=False, topological_graph_dot_cluster=False, topological_graph_dot_include_skipped=False, topological_graph_legend=False, topological_order=False, verb_extension=<colcon_package_information.verb.list.ListVerb object at 0x7f0968974b00>, verb_name='list', verb_parser=<colcon_defaults.argument_parser.defaults.DefaultArgumentsDecorator object at 0x7f0968983b00>)
[8.636s] Level 1:colcon.colcon_core.package_discovery:discover_packages(colcon_meta) check parameters
[8.636s] Level 1:colcon.colcon_core.package_discovery:discover_packages(recursive) check parameters
[8.636s] Level 1:colcon.colcon_core.package_discovery:discover_packages(ignore) check parameters
[8.636s] Level 1:colcon.colcon_core.package_discovery:discover_packages(path) check parameters
[8.636s] Level 1:colcon.colcon_core.package_discovery:discover_packages(colcon_meta) discover
[8.637s] Level 1:colcon.colcon_core.package_discovery:discover_packages(recursive) discover
[8.637s] INFO:colcon.colcon_core.package_discovery:Crawling recursively for packages in '/home/yz/catkin_ws/cartesianPlanner'
[8.637s] Level 1:colcon.colcon_core.package_identification:_identify(.) by extensions ['ignore', 'ignore_ament_install']
[8.637s] Level 1:colcon.colcon_core.package_identification:_identify(.) by extension 'ignore'
[8.637s] Level 1:colcon.colcon_core.package_identification:_identify(.) by extension 'ignore_ament_install'
[8.637s] Level 1:colcon.colcon_core.package_identification:_identify(.) by extensions ['colcon_pkg']
[8.637s] Level 1:colcon.colcon_core.package_identification:_identify(.) by extension 'colcon_pkg'
[8.637s] Level 1:colcon.colcon_core.package_identification:_identify(.) by extensions ['colcon_meta']
[8.637s] Level 1:colcon.colcon_core.package_identification:_identify(.) by extension 'colcon_meta'
[8.637s] Level 1:colcon.colcon_core.package_identification:_identify(.) by extensions ['ros']
[8.637s] Level 1:colcon.colcon_core.package_identification:_identify(.) by extension 'ros'
[8.700s] Level 1:colcon.colcon_core.package_identification:_identify(.) by extensions ['cmake', 'python']
[8.700s] Level 1:colcon.colcon_core.package_identification:_identify(.) by extension 'cmake'
[8.700s] Level 1:colcon.colcon_core.package_identification:_identify(.) by extension 'python'
[8.700s] Level 1:colcon.colcon_core.package_identification:_identify(.) by extensions ['python_setup_py']
[8.700s] Level 1:colcon.colcon_core.package_identification:_identify(.) by extension 'python_setup_py'
[8.700s] Level 1:colcon.colcon_core.package_identification:_identify(build) by extensions ['ignore', 'ignore_ament_install']
[8.700s] Level 1:colcon.colcon_core.package_identification:_identify(build) by extension 'ignore'
[8.700s] Level 1:colcon.colcon_core.package_identification:_identify(build) by extension 'ignore_ament_install'
[8.700s] Level 1:colcon.colcon_core.package_identification:_identify(build) by extensions ['colcon_pkg']
[8.700s] Level 1:colcon.colcon_core.package_identification:_identify(build) by extension 'colcon_pkg'
[8.700s] Level 1:colcon.colcon_core.package_identification:_identify(build) by extensions ['colcon_meta']
[8.700s] Level 1:colcon.colcon_core.package_identification:_identify(build) by extension 'colcon_meta'
[8.701s] Level 1:colcon.colcon_core.package_identification:_identify(build) by extensions ['ros']
[8.701s] Level 1:colcon.colcon_core.package_identification:_identify(build) by extension 'ros'
[8.701s] Level 1:colcon.colcon_core.package_identification:_identify(build) ignored
[8.701s] Level 1:colcon.colcon_core.package_identification:_identify(devel) by extensions ['ignore', 'ignore_ament_install']
[8.701s] Level 1:colcon.colcon_core.package_identification:_identify(devel) by extension 'ignore'
[8.701s] Level 1:colcon.colcon_core.package_identification:_identify(devel) by extension 'ignore_ament_install'
[8.701s] Level 1:colcon.colcon_core.package_identification:_identify(devel) ignored
[8.701s] Level 1:colcon.colcon_core.package_identification:_identify(log) by extensions ['ignore', 'ignore_ament_install']
[8.701s] Level 1:colcon.colcon_core.package_identification:_identify(log) by extension 'ignore'
[8.701s] Level 1:colcon.colcon_core.package_identification:_identify(log) ignored
[8.702s] Level 1:colcon.colcon_core.package_identification:_identify(src) by extensions ['ignore', 'ignore_ament_install']
[8.702s] Level 1:colcon.colcon_core.package_identification:_identify(src) by extension 'ignore'
[8.702s] Level 1:colcon.colcon_core.package_identification:_identify(src) by extension 'ignore_ament_install'
[8.702s] Level 1:colcon.colcon_core.package_identification:_identify(src) by extensions ['colcon_pkg']
[8.702s] Level 1:colcon.colcon_core.package_identification:_identify(src) by extension 'colcon_pkg'
[8.702s] Level 1:colcon.colcon_core.package_identification:_identify(src) by extensions ['colcon_meta']
[8.702s] Level 1:colcon.colcon_core.package_identification:_identify(src) by extension 'colcon_meta'
[8.702s] Level 1:colcon.colcon_core.package_identification:_identify(src) by extensions ['ros']
[8.702s] Level 1:colcon.colcon_core.package_identification:_identify(src) by extension 'ros'
[8.702s] Level 1:colcon.colcon_core.package_identification:_identify(src) by extensions ['cmake', 'python']
[8.702s] Level 1:colcon.colcon_core.package_identification:_identify(src) by extension 'cmake'
[8.749s] Level 1:colcon.colcon_core.package_identification:_identify(src) by extension 'python'
[8.749s] DEBUG:colcon.colcon_core.package_identification:Package 'src' with type 'cmake' and name 'Project'
[8.749s] Level 1:colcon.colcon_core.package_discovery:discover_packages(recursive) using defaults
[8.749s] Level 1:colcon.colcon_core.package_discovery:discover_packages(ignore) discover
[8.749s] Level 1:colcon.colcon_core.package_discovery:discover_packages(ignore) using defaults
[8.749s] Level 1:colcon.colcon_core.package_discovery:discover_packages(path) discover
[8.749s] Level 1:colcon.colcon_core.package_discovery:discover_packages(path) using defaults
